<?xml version="1.0" encoding="UTF-8"?>
<!-- Generated by org.testng.reporters.JUnitReportReporter -->
<testsuite skipped="0" hostname="WIB-DES-00567" name="DataDriving.Login_002" tests="1" failures="0" timestamp="14 Nov 2017 12:44:30 GMT" time="0.044" errors="0">
  <testcase name="Login_002" time="0.044" classname="DataDriving.Login_002"/>
</testsuite> <!-- DataDriving.Login_002 -->
