<?xml version="1.0" encoding="UTF-8"?>
<!-- Generated by org.testng.reporters.JUnitReportReporter -->
<testsuite skipped="0" hostname="WIB-DES-00567" name="DataDriving.BaseClass" tests="1" failures="0" timestamp="10 Nov 2017 11:54:53 GMT" time="0.564" errors="0">
  <testcase name="getTestCase" time="0.564" classname="DataDriving.BaseClass"/>
</testsuite> <!-- DataDriving.BaseClass -->
