<?xml version="1.0" encoding="UTF-8"?>
<!-- Generated by org.testng.reporters.JUnitReportReporter -->
<testsuite skipped="0" hostname="WIB-DES-00567" name="DatabaseActivity.DataBaseTesting2" tests="1" failures="0" timestamp="16 Nov 2017 09:00:36 GMT" time="0.000" errors="0">
  <testcase name="DBTest1" time="0.000" classname="DatabaseActivity.DataBaseTesting2"/>
</testsuite> <!-- DatabaseActivity.DataBaseTesting2 -->
