<?xml version="1.0" encoding="UTF-8"?>
<!-- Generated by org.testng.reporters.JUnitReportReporter -->
<testsuite skipped="0" hostname="WIB-DES-00567" name="DatabaseActivity.DatabaseTesting" tests="1" failures="0" timestamp="16 Nov 2017 04:56:06 GMT" time="0.006" errors="0">
  <testcase name="test" time="0.006" classname="DatabaseActivity.DatabaseTesting"/>
</testsuite> <!-- DatabaseActivity.DatabaseTesting -->
