<?xml version="1.0" encoding="UTF-8"?>
<!-- Generated by org.testng.reporters.JUnitReportReporter -->
<testsuite skipped="0" hostname="WIB-DES-00121" name="com.wibmo.LoginAPI.tests.LGN_002" tests="1" failures="0" timestamp="06 Nov 2018 09:34:27 GMT" time="2.714" errors="0">
  <testcase name="LGN_002" time="2.714" classname="com.wibmo.LoginAPI.tests.LGN_002"/>
</testsuite> <!-- com.wibmo.LoginAPI.tests.LGN_002 -->
