<?xml version="1.0" encoding="UTF-8"?>
<!-- Generated by org.testng.reporters.JUnitReportReporter -->
<testsuite skipped="0" hostname="WIB-DES-00567" name="TestPackage.WibmoAPI.getOTP" tests="1" failures="0" timestamp="13 Sep 2017 05:18:18 GMT" time="1.346" errors="0">
  <testcase name="otp" time="1.346" classname="TestPackage.WibmoAPI.getOTP"/>
</testsuite> <!-- TestPackage.WibmoAPI.getOTP -->
