<?xml version="1.0" encoding="UTF-8"?>
<!-- Generated by org.testng.reporters.JUnitReportReporter -->
<testsuite skipped="0" hostname="WIB-DES-00567" name="Restassured.LoggingPlaceAPI" tests="1" failures="0" timestamp="14 Sep 2017 05:07:16 GMT" time="2.701" errors="0">
  <testcase name="getPlace" time="2.701" classname="Restassured.LoggingPlaceAPI"/>
</testsuite> <!-- Restassured.LoggingPlaceAPI -->
