<?xml version="1.0" encoding="UTF-8"?>
<!-- Generated by org.testng.reporters.JUnitReportReporter -->
<testsuite skipped="0" hostname="Prathyush-PC" name="com.wibmo.LoginAPI.tests.LGN_003" tests="1" failures="0" timestamp="30 Jan 2019 14:45:59 GMT" time="0.937" errors="0">
  <testcase name="LGN_003" time="0.937" classname="com.wibmo.LoginAPI.tests.LGN_003"/>
</testsuite> <!-- com.wibmo.LoginAPI.tests.LGN_003 -->
