<?xml version="1.0" encoding="UTF-8"?>
<!-- Generated by org.testng.reporters.JUnitReportReporter -->
<testsuite skipped="0" hostname="WIB-DES-00567" name="com.wibmo.LoginAPI.tests.TC_005" tests="1" failures="0" timestamp="07 Aug 2018 10:10:35 GMT" time="4.799" errors="0">
  <testcase name="TC_005" time="4.799" classname="com.wibmo.LoginAPI.tests.TC_005"/>
</testsuite> <!-- com.wibmo.LoginAPI.tests.TC_005 -->
