<?xml version="1.0" encoding="UTF-8"?>
<!-- Generated by org.testng.reporters.JUnitReportReporter -->
<testsuite skipped="0" hostname="Prathyush-PC" name="com.wibmo.LoginAPI.tests.LGN_004" tests="1" failures="0" timestamp="30 Jan 2019 14:45:59 GMT" time="0.703" errors="0">
  <testcase name="LGN_004" time="0.703" classname="com.wibmo.LoginAPI.tests.LGN_004"/>
</testsuite> <!-- com.wibmo.LoginAPI.tests.LGN_004 -->
