<?xml version="1.0" encoding="UTF-8"?>
<!-- Generated by org.testng.reporters.JUnitReportReporter -->
<testsuite skipped="0" hostname="WIB-DES-00121" name="com.wibmo.KYC.tests.KYC_003" tests="1" failures="0" timestamp="05 Oct 2018 10:17:33 GMT" time="19.210" errors="0">
  <testcase name="KYC_003" time="19.210" classname="com.wibmo.KYC.tests.KYC_003"/>
</testsuite> <!-- com.wibmo.KYC.tests.KYC_003 -->
