<?xml version="1.0" encoding="UTF-8"?>
<!-- Generated by org.testng.reporters.JUnitReportReporter -->
<testsuite skipped="0" hostname="WIB-DES-00567" name="com.wibmo.LoginAPI.tests.TC_001" tests="1" failures="0" timestamp="03 Sep 2018 06:59:52 GMT" time="3.057" errors="0">
  <testcase name="TC_001" time="3.057" classname="com.wibmo.LoginAPI.tests.TC_001"/>
</testsuite> <!-- com.wibmo.LoginAPI.tests.TC_001 -->
