<?xml version="1.0" encoding="UTF-8"?>
<!-- Generated by org.testng.reporters.JUnitReportReporter -->
<testsuite skipped="0" hostname="WIB-DES-00121" name="com.wibmo.LoginAPI.tests.SampleTest" tests="1" failures="0" timestamp="05 Oct 2018 09:03:47 GMT" time="1.814" errors="0">
  <testcase name="testtest" time="1.814" classname="com.wibmo.LoginAPI.tests.SampleTest"/>
</testsuite> <!-- com.wibmo.LoginAPI.tests.SampleTest -->
