<?xml version="1.0" encoding="UTF-8"?>
<!-- Generated by org.testng.reporters.JUnitReportReporter -->
<testsuite skipped="0" hostname="WIB-DES-00567" name="JIRAAPI.Jira_CreateIssueAPI" tests="1" failures="0" timestamp="09 Oct 2017 04:46:22 GMT" time="1.497" errors="0">
  <testcase name="createIssue" time="1.497" classname="JIRAAPI.Jira_CreateIssueAPI"/>
</testsuite> <!-- JIRAAPI.Jira_CreateIssueAPI -->
