<?xml version="1.0" encoding="UTF-8"?>
<!-- Generated by org.testng.reporters.JUnitReportReporter -->
<testsuite skipped="0" hostname="WIB-DES-00567" name="JIRAAPI.JiraApi" tests="1" failures="0" timestamp="14 Sep 2017 10:36:05 GMT" time="1.260" errors="0">
  <testcase name="createSession" time="1.260" classname="JIRAAPI.JiraApi"/>
</testsuite> <!-- JIRAAPI.JiraApi -->
