<?xml version="1.0" encoding="UTF-8"?>
<!-- Generated by org.testng.reporters.JUnitReportReporter -->
<testsuite skipped="0" hostname="WIB-DES-00567" name="TestPackage.WibmoAPI.getSalt" tests="1" failures="0" timestamp="13 Sep 2017 10:11:04 GMT" time="1.448" errors="0">
  <testcase name="salt" time="1.448" classname="TestPackage.WibmoAPI.getSalt"/>
</testsuite> <!-- TestPackage.WibmoAPI.getSalt -->
