<?xml version="1.0" encoding="UTF-8"?>
<!-- Generated by org.testng.reporters.JUnitReportReporter -->
<testsuite skipped="0" hostname="WIB-DES-00567" name="Restassured.PlaceAPI" tests="1" failures="0" timestamp="09 Oct 2017 14:00:31 GMT" time="2.610" errors="0">
  <testcase name="getPlace" time="2.610" classname="Restassured.PlaceAPI"/>
</testsuite> <!-- Restassured.PlaceAPI -->
