<?xml version="1.0" encoding="UTF-8"?>
<!-- Generated by org.testng.reporters.JUnitReportReporter -->
<testsuite skipped="0" hostname="WIB-DES-00121" name="com.wibmo.IAPV2.tests.IAPV2_002" tests="1" failures="0" timestamp="06 Nov 2018 09:34:27 GMT" time="5.547" errors="0">
  <testcase name="IAPV2_002" time="5.547" classname="com.wibmo.IAPV2.tests.IAPV2_002"/>
</testsuite> <!-- com.wibmo.IAPV2.tests.IAPV2_002 -->
