<?xml version="1.0" encoding="UTF-8"?>
<!-- Generated by org.testng.reporters.JUnitReportReporter -->
<testsuite skipped="0" hostname="WIB-DES-00121" name="com.wibmo.KYC.tests.KYC_001" tests="1" failures="0" timestamp="06 Nov 2018 09:26:28 GMT" time="5.667" errors="0">
  <testcase name="KYC_001" time="5.667" classname="com.wibmo.KYC.tests.KYC_001"/>
</testsuite> <!-- com.wibmo.KYC.tests.KYC_001 -->
