<?xml version="1.0" encoding="UTF-8"?>
<!-- Generated by org.testng.reporters.JUnitReportReporter -->
<testsuite skipped="0" hostname="WIB-DES-00121" name="com.wibmo.LoginAPI.tests.LGN_001" tests="1" failures="0" timestamp="06 Nov 2018 09:34:27 GMT" time="5.286" errors="0">
  <testcase name="LGN_001" time="5.286" classname="com.wibmo.LoginAPI.tests.LGN_001"/>
</testsuite> <!-- com.wibmo.LoginAPI.tests.LGN_001 -->
