<?xml version="1.0" encoding="UTF-8"?>
<!-- Generated by org.testng.reporters.JUnitReportReporter -->
<testsuite skipped="0" hostname="WIB-DES-00567" name="com.wibmo.IAP.tests.IAP_002" tests="1" failures="0" timestamp="29 Aug 2018 06:54:26 GMT" time="1.714" errors="0">
  <testcase name="IAP_002" time="1.714" classname="com.wibmo.IAP.tests.IAP_002"/>
</testsuite> <!-- com.wibmo.IAP.tests.IAP_002 -->
