<?xml version="1.0" encoding="UTF-8"?>
<!-- Generated by org.testng.reporters.JUnitReportReporter -->
<testsuite skipped="0" hostname="WIB-DES-00567" name="com.wibmo.API.tests.TC_001" tests="1" failures="0" timestamp="03 Aug 2018 05:09:05 GMT" time="3.024" errors="0">
  <testcase name="TC_001" time="3.024" classname="com.wibmo.API.tests.TC_001"/>
</testsuite> <!-- com.wibmo.API.tests.TC_001 -->
