<?xml version="1.0" encoding="UTF-8"?>
<!-- Generated by org.testng.reporters.JUnitReportReporter -->
<testsuite skipped="0" hostname="WIB-DES-00121" name="com.wibmo.KYC.tests.KYC_004" tests="1" failures="0" timestamp="05 Oct 2018 10:17:51 GMT" time="4.770" errors="0">
  <testcase name="KYC_004" time="4.770" classname="com.wibmo.KYC.tests.KYC_004"/>
</testsuite> <!-- com.wibmo.KYC.tests.KYC_004 -->
