<?xml version="1.0" encoding="UTF-8"?>
<!-- Generated by org.testng.reporters.JUnitReportReporter -->
<testsuite skipped="0" hostname="WIB-DES-00567" name="JIRAAPI.Jira_LoginApi" tests="1" failures="0" timestamp="09 Oct 2017 04:46:22 GMT" time="2.111" errors="0">
  <testcase name="testCreateSession" time="2.111" classname="JIRAAPI.Jira_LoginApi"/>
</testsuite> <!-- JIRAAPI.Jira_LoginApi -->
