<?xml version="1.0" encoding="UTF-8"?>
<!-- Generated by org.testng.reporters.JUnitReportReporter -->
<testsuite skipped="0" hostname="WIB-DES-00567" name="Restassured.PlaceAPI1" tests="1" failures="0" timestamp="09 Oct 2017 14:00:40 GMT" time="1.773" errors="0">
  <testcase name="getPlace" time="1.773" classname="Restassured.PlaceAPI1"/>
</testsuite> <!-- Restassured.PlaceAPI1 -->
