<?xml version="1.0" encoding="UTF-8"?>
<!-- Generated by org.testng.reporters.JUnitReportReporter -->
<testsuite skipped="0" hostname="WIB-DES-00567" name="TestPackage.WibmoAPI.getSalt3" tests="1" failures="0" timestamp="16 Nov 2017 09:04:14 GMT" time="1.119" errors="0">
  <testcase name="getSalt" time="1.119" classname="TestPackage.WibmoAPI.getSalt3"/>
</testsuite> <!-- TestPackage.WibmoAPI.getSalt3 -->
