<?xml version="1.0" encoding="UTF-8"?>
<!-- Generated by org.testng.reporters.JUnitReportReporter -->
<testsuite skipped="0" hostname="WIB-DES-00121" name="com.wibmo.SendMoneyAPI.tests.SM_001" tests="1" failures="0" timestamp="06 Nov 2018 09:34:27 GMT" time="4.484" errors="0">
  <testcase name="SM_001" time="4.484" classname="com.wibmo.SendMoneyAPI.tests.SM_001"/>
</testsuite> <!-- com.wibmo.SendMoneyAPI.tests.SM_001 -->
