<?xml version="1.0" encoding="UTF-8"?>
<!-- Generated by org.testng.reporters.JUnitReportReporter -->
<testsuite skipped="0" hostname="WIB-DES-00567" name="com.wibmo.IAP.tests.IAP_001" tests="1" failures="0" timestamp="29 Aug 2018 06:54:26 GMT" time="5.198" errors="0">
  <testcase name="IAP_001" time="5.198" classname="com.wibmo.IAP.tests.IAP_001"/>
</testsuite> <!-- com.wibmo.IAP.tests.IAP_001 -->
