<?xml version="1.0" encoding="UTF-8"?>
<!-- Generated by org.testng.reporters.JUnitReportReporter -->
<testsuite skipped="0" hostname="WIB-DES-00567" name="TestClasses.TestNG_Annotations" tests="2" failures="0" timestamp="11 Sep 2017 03:57:42 GMT" time="0.006" errors="0">
  <testcase name="testMethod1" time="0.004" classname="TestClasses.TestNG_Annotations"/>
  <testcase name="testMethod2" time="0.002" classname="TestClasses.TestNG_Annotations"/>
</testsuite> <!-- TestClasses.TestNG_Annotations -->
