<?xml version="1.0" encoding="UTF-8"?>
<!-- Generated by org.testng.reporters.JUnitReportReporter -->
<testsuite skipped="0" hostname="WIB-DES-00567" name="TestClasses.TestAnnotation" tests="3" failures="0" timestamp="11 Sep 2017 03:57:22 GMT" time="0.023" errors="0">
  <testcase name="addString" time="0.021" classname="TestClasses.TestAnnotation"/>
  <testcase name="testMethod3" time="0.001" classname="TestClasses.TestAnnotation"/>
  <testcase name="testMethod1" time="0.001" classname="TestClasses.TestAnnotation"/>
</testsuite> <!-- TestClasses.TestAnnotation -->
