<?xml version="1.0" encoding="UTF-8"?>
<!-- Generated by org.testng.reporters.JUnitReportReporter -->
<testsuite skipped="0" hostname="WIB-DES-00567" name="Regression.TestNG_Class2" tests="2" failures="0" timestamp="11 Sep 2017 05:24:57 GMT" time="0.003" errors="0">
  <testcase name="testMethod1" time="0.003" classname="Regression.TestNG_Class2"/>
  <testcase name="testMethod2" time="0.000" classname="Regression.TestNG_Class2"/>
</testsuite> <!-- Regression.TestNG_Class2 -->
