<?xml version="1.0" encoding="UTF-8"?>
<!-- Generated by org.testng.reporters.JUnitReportReporter -->
<testsuite skipped="0" hostname="WIB-DES-00567" name="DataDriving.Login" tests="1" failures="0" timestamp="13 Nov 2017 04:50:50 GMT" time="0.601" errors="0">
  <testcase name="validLogin" time="0.601" classname="DataDriving.Login"/>
</testsuite> <!-- DataDriving.Login -->
