<?xml version="1.0" encoding="UTF-8"?>
<!-- Generated by org.testng.reporters.JUnitReportReporter -->
<testsuite skipped="0" hostname="WIB-DES-00567" name="DatabaseActivity.DBTest2" tests="2" failures="0" timestamp="16 Nov 2017 04:55:17 GMT" time="0.011" errors="0">
  <testcase name="test2" time="0.008" classname="DatabaseActivity.DBTest2"/>
  <testcase name="test" time="0.003" classname="DatabaseActivity.DBTest2"/>
</testsuite> <!-- DatabaseActivity.DBTest2 -->
